<?xml version="1.0" encoding="UTF-8"?>
<!-- Generated by org.testng.reporters.JUnitReportReporter -->
<testsuite skipped="0" hostname="DESKTOP-J3EC8MU" name="restassuredTest.Demo_Get_Request" tests="1" failures="0" timestamp="26 Mar 2020 18:05:46 GMT" time="3.528" errors="0">
  <testcase name="getWeatherDetails" time="3.528" classname="restassuredTest.Demo_Get_Request"/>
</testsuite> <!-- restassuredTest.Demo_Get_Request -->
