<?xml version="1.0" encoding="UTF-8"?>
<!-- Generated by org.testng.reporters.JUnitReportReporter -->
<testsuite skipped="0" hostname="DESKTOP-J3EC8MU" name="restassuredTest.Demo_Post_Request" tests="1" failures="0" timestamp="26 Mar 2020 18:36:32 GMT" time="2.216" errors="0">
  <testcase name="testPost" time="2.216" classname="restassuredTest.Demo_Post_Request"/>
</testsuite> <!-- restassuredTest.Demo_Post_Request -->
