<?xml version="1.0" encoding="UTF-8"?>
<!-- Generated by org.testng.reporters.JUnitReportReporter -->
<testsuite skipped="0" hostname="DESKTOP-J3EC8MU" name="restassuredTest.Demo_Put_Request" tests="1" failures="0" timestamp="26 Mar 2020 19:20:02 GMT" time="4.178" errors="0">
  <testcase name="testPUT" time="4.178" classname="restassuredTest.Demo_Put_Request"/>
</testsuite> <!-- restassuredTest.Demo_Put_Request -->
