<?xml version="1.0" encoding="UTF-8"?>
<!-- Generated by org.testng.reporters.JUnitReportReporter -->
<testsuite skipped="0" hostname="DESKTOP-J3EC8MU" name="com.nopcommerce.testCases.TC_SearchCustomerTest_004" tests="1" failures="0" timestamp="04 Mar 2020 18:16:36 GMT" time="19.711" errors="0">
  <testcase name="SearchCustomer" time="19.711" classname="com.nopcommerce.testCases.TC_SearchCustomerTest_004"/>
</testsuite> <!-- com.nopcommerce.testCases.TC_SearchCustomerTest_004 -->
